Base path: D:/UNITY/2018.3.14f1/Editor/Data
Cmd: initializeCompiler
Cmd: compileComputeKernel
  api=4 insize=13661 outsize=48257 ok=1
Cmd: compileComputeKernel
  api=4 insize=13661 outsize=62217 ok=1
Cmd: compileComputeKernel
  api=4 insize=13661 outsize=61097 ok=1
Cmd: compileComputeKernel
  api=4 insize=13661 outsize=33825 ok=1
Cmd: compileComputeKernel
  api=4 insize=26681 outsize=15341 ok=1
Cmd: compileComputeKernel
  api=4 insize=11176 outsize=10437 ok=1
Cmd: compileComputeKernel
  api=4 insize=18731 outsize=8553 ok=1
Cmd: compileComputeKernel
  api=4 insize=14079 outsize=6277 ok=1
Cmd: compileComputeKernel
  error: 2 plat 9 at Packages/com.unity.render-pipelines.high-definition/Runtime/Material/Decal/ShaderVariablesDecal.hlsl(17): #errorRWTexture2D is not supported on GLES 3.0
  error: 2 plat 9 at Packages/com.unity.render-pipelines.high-definition/Runtime/ShaderLibrary/ShaderVariablesFunctions.hlsl(128): #errorSAMPLE_TEXTURECUBE_ARRAY is not supported on GLES 3.0
  error: 2 plat 9 at Packages/com.unity.render-pipelines.high-definition/Runtime/ShaderLibrary/ShaderVariablesFunctions.hlsl(133): #errorSAMPLE_TEXTURECUBE_ARRAY_LOD is not supported on GLES 3.0
  api=9 insize=3506 outsize=0 ok=0
Cmd: compileComputeKernel
  api=4 insize=16866 outsize=6817 ok=1
Cmd: compileComputeKernel
  api=4 insize=16866 outsize=9453 ok=1
Cmd: compileComputeKernel
  api=4 insize=16866 outsize=6685 ok=1
Cmd: compileComputeKernel
  api=4 insize=16866 outsize=8773 ok=1
Cmd: compileComputeKernel
  api=4 insize=16866 outsize=9789 ok=1

Quitting shader compiler process
