Base path: D:/UNITY/2018.3.14f1/Editor/Data
Cmd: initializeCompiler
Cmd: compileComputeKernel
  api=4 insize=13661 outsize=24005 ok=1
Cmd: compileComputeKernel
  api=4 insize=13661 outsize=32409 ok=1
Cmd: compileComputeKernel
  api=4 insize=13661 outsize=44141 ok=1
Cmd: compileComputeKernel
  api=4 insize=13661 outsize=35845 ok=1
Cmd: compileComputeKernel
  api=4 insize=13661 outsize=43809 ok=1
Cmd: compileComputeKernel
  api=4 insize=13661 outsize=33957 ok=1
Cmd: compileComputeKernel
  api=4 insize=13661 outsize=45789 ok=1
Cmd: compileComputeKernel
  api=4 insize=13661 outsize=63545 ok=1
Cmd: compileComputeKernel
  api=4 insize=26681 outsize=16081 ok=1
Cmd: compileComputeKernel
  api=4 insize=5022 outsize=9129 ok=1
Cmd: compileComputeKernel
  api=4 insize=18731 outsize=10377 ok=1
Cmd: compileComputeKernel
  api=4 insize=19063 outsize=14105 ok=1
Cmd: compileComputeKernel
  api=4 insize=1864 outsize=1389 ok=1
Cmd: compileComputeKernel
  api=4 insize=36517 outsize=49925 ok=1
Cmd: compileComputeKernel
  api=4 insize=1505 outsize=597 ok=1
Cmd: compileComputeKernel
  api=4 insize=16866 outsize=5929 ok=1
Cmd: compileComputeKernel
  api=4 insize=16866 outsize=7029 ok=1
Cmd: compileComputeKernel
  api=4 insize=16866 outsize=8317 ok=1
Cmd: compileComputeKernel
  api=4 insize=16866 outsize=8269 ok=1
Cmd: compileComputeKernel
  api=4 insize=16866 outsize=9941 ok=1

Quitting shader compiler process
